<?xml version="1.0" encoding="UTF-8"?>
<!-- Generated by org.testng.reporters.JUnitReportReporter -->
<testsuite skipped="0" hostname="ganu-THINK" name="com.Demoblaze.TestRunner.TestRunner" tests="4" failures="0" timestamp="2020-04-12T12:24:07 EDT" time="69.931" errors="0">
  <testcase name="login" time="16.632" classname="com.Demoblaze.TestRunner.TestRunner"/>
  <system-out/>
  <testcase name="login" time="11.458" classname="com.Demoblaze.TestRunner.TestRunner"/>
  <system-out/>
  <testcase name="login" time="21.170" classname="com.Demoblaze.TestRunner.TestRunner"/>
  <system-out/>
  <testcase name="login" time="20.671" classname="com.Demoblaze.TestRunner.TestRunner"/>
  <system-out/>
</testsuite> <!-- com.Demoblaze.TestRunner.TestRunner -->
