<?xml version="1.0" encoding="UTF-8"?>
<!-- Generated by org.testng.reporters.JUnitReportReporter -->
<testsuite skipped="0" hostname="ganu-THINK" name="com.Demoblaze.TestRunner.PlacingOrder_TestRunner" tests="1" failures="0" timestamp="2020-04-12T14:05:00 EDT" time="21.132" errors="0">
  <testcase name="login" time="21.132" classname="com.Demoblaze.TestRunner.PlacingOrder_TestRunner"/>
  <system-out/>
</testsuite> <!-- com.Demoblaze.TestRunner.PlacingOrder_TestRunner -->
